<?xml version="1.0" encoding="UTF-8"?>
<!-- Generated by org.testng.reporters.JUnitReportReporter -->
<testsuite hostname="DESKTOP-CRCM71H" failures="0" tests="2" name="maven.DemoTest" time="0.014" errors="0" timestamp="2024-01-24T12:02:30 IST" skipped="0">
  <testcase classname="maven.DemoTest" name="Demo2" time="0.005"/>
  <system-out/>
  <testcase classname="maven.DemoTest" name="Demo1" time="0.009"/>
  <system-out/>
</testsuite> <!-- maven.DemoTest -->
