<?xml version="1.0" encoding="UTF-8"?>
<!-- Generated by org.testng.reporters.JUnitReportReporter -->
<testsuite hostname="DESKTOP-CRCM71H" failures="0" tests="1" name="maven.SampleTest" time="0.013" errors="0" timestamp="2024-01-29T16:53:06 IST" skipped="0">
  <testcase classname="maven.SampleTest" name="sample1Test" time="0.013"/>
  <system-out/>
</testsuite> <!-- maven.SampleTest -->
