<?xml version="1.0" encoding="UTF-8"?>
<!-- Generated by org.testng.reporters.JUnitReportReporter -->
<testsuite hostname="DESKTOP-CRCM71H" failures="0" tests="2" name="maven.DemoTest" time="0.013" errors="0" timestamp="2024-01-29T16:53:06 IST" skipped="0">
  <testcase classname="maven.DemoTest" name="Demo2" time="0.007"/>
  <system-out/>
  <testcase classname="maven.DemoTest" name="Demo1" time="0.006"/>
  <system-out/>
</testsuite> <!-- maven.DemoTest -->
