<?xml version="1.0" encoding="UTF-8"?>
<!-- Generated by org.testng.reporters.JUnitReportReporter -->
<testsuite hostname="DESKTOP-CRCM71H" failures="0" tests="1" name="maven.ExampleTest" time="0.003" errors="0" timestamp="2024-01-29T16:53:06 IST" skipped="0">
  <testcase classname="maven.ExampleTest" name="Example1Test" time="0.003"/>
  <system-out/>
</testsuite> <!-- maven.ExampleTest -->
